# JRE version: OpenJDK Runtime Environment Corretto-18.0.2.9.1 (18.0.2+9) (build 18.0.2+9-FR)
# Java VM: OpenJDK 64-Bit Server VM Corretto-18.0.2.9.1 (18.0.2+9-FR, mixed mode, sharing, tiered, compressed oops, compressed class ptrs, g1 gc, windows-amd64)
GC Precious Log:
 CardTable entry size: 512
 Card Set container configuration: InlinePtr #cards 5 size 8 Array Of Cards #cards 12 size 40 Howl #buckets 4 coarsen threshold 1843 Howl Bitmap #cards 512 size 80 coarsen threshold 460 Card regions per heap region 1 cards per card region 2048
 CPUs: 8 total, 8 available
 Memory: 8069M
 Large Page Support: Disabled
 NUMA Support: Disabled
 Compressed Oops: Enabled (32-bit)
 Heap Region Size: 1M
 Heap Min Capacity: 256M
 Heap Initial Capacity: 256M
 Heap Max Capacity: 512M
 Pre-touch: Disabled
 Parallel Workers: 8
 Concurrent Workers: 2
 Concurrent Refinement Workers: 8
 Periodic GC: Disabled
Heap:
 garbage-first heap   total 524288K, used 299752K [0x00000000e0000000, 0x0000000100000000)
  region size 1024K, 44 young (45056K), 13 survivors (13312K)
 Metaspace       used 170282K, committed 174080K, reserved 512000K
  class space    used 20486K, committed 22272K, reserved 315392K
GC Heap History (20 events):
Event: 1813.192 GC heap before
{Heap before GC invocations=104 (full 0):
 garbage-first heap   total 524288K, used 433121K [0x00000000e0000000, 0x0000000100000000)
  region size 1024K, 120 young (122880K), 3 survivors (3072K)
 Metaspace       used 168915K, committed 170944K, reserved 512000K
  class space    used 20650K, committed 21696K, reserved 315392K
}
Event: 1813.201 GC heap after
{Heap after GC invocations=105 (full 0):
 garbage-first heap   total 524288K, used 315472K [0x00000000e0000000, 0x0000000100000000)
  region size 1024K, 12 young (12288K), 12 survivors (12288K)
 Metaspace       used 168915K, committed 170944K, reserved 512000K
  class space    used 20650K, committed 21696K, reserved 315392K
}
Event: 1814.340 GC heap before
{Heap before GC invocations=106 (full 0):
 garbage-first heap   total 524288K, used 424016K [0x00000000e0000000, 0x0000000100000000)
  region size 1024K, 128 young (131072K), 12 survivors (12288K)
 Metaspace       used 171663K, committed 173760K, reserved 512000K
  class space    used 20978K, committed 22016K, reserved 315392K
}
Event: 1814.356 GC heap after
{Heap after GC invocations=107 (full 0):
 garbage-first heap   total 524288K, used 316195K [0x00000000e0000000, 0x0000000100000000)
  region size 1024K, 10 young (10240K), 10 survivors (10240K)
 Metaspace       used 171663K, committed 173760K, reserved 512000K
  class space    used 20978K, committed 22016K, reserved 315392K
}
Event: 1818.921 GC heap before
{Heap before GC invocations=107 (full 0):
 garbage-first heap   total 524288K, used 331555K [0x00000000e0000000, 0x0000000100000000)
  region size 1024K, 25 young (25600K), 10 survivors (10240K)
 Metaspace       used 171679K, committed 173760K, reserved 512000K
  class space    used 20978K, committed 22016K, reserved 315392K
}
Event: 1818.934 GC heap after
{Heap after GC invocations=108 (full 0):
 garbage-first heap   total 524288K, used 291370K [0x00000000e0000000, 0x0000000100000000)
  region size 1024K, 2 young (2048K), 2 survivors (2048K)
 Metaspace       used 171679K, committed 173760K, reserved 512000K
  class space    used 20978K, committed 22016K, reserved 315392K
}
Event: 1840.245 GC heap before
{Heap before GC invocations=108 (full 0):
 garbage-first heap   total 524288K, used 429610K [0x00000000e0000000, 0x0000000100000000)
  region size 1024K, 138 young (141312K), 2 survivors (2048K)
 Metaspace       used 175331K, committed 177536K, reserved 512000K
  class space    used 21376K, committed 22464K, reserved 315392K
}
Event: 1840.252 GC heap after
{Heap after GC invocations=109 (full 0):
 garbage-first heap   total 524288K, used 292067K [0x00000000e0000000, 0x0000000100000000)
  region size 1024K, 3 young (3072K), 3 survivors (3072K)
 Metaspace       used 175331K, committed 177536K, reserved 512000K
  class space    used 21376K, committed 22464K, reserved 315392K
}
Event: 2088.542 GC heap before
{Heap before GC invocations=110 (full 0):
 garbage-first heap   total 524288K, used 437475K [0x00000000e0000000, 0x0000000100000000)
  region size 1024K, 143 young (146432K), 3 survivors (3072K)
 Metaspace       used 173640K, committed 176832K, reserved 512000K
  class space    used 21159K, committed 22464K, reserved 315392K
}
Event: 2088.753 GC heap after
{Heap after GC invocations=111 (full 0):
 garbage-first heap   total 524288K, used 305097K [0x00000000e0000000, 0x0000000100000000)
  region size 1024K, 18 young (18432K), 18 survivors (18432K)
 Metaspace       used 173640K, committed 176832K, reserved 512000K
  class space    used 21159K, committed 22464K, reserved 315392K
}
Event: 2088.870 GC heap before
{Heap before GC invocations=111 (full 0):
 garbage-first heap   total 524288K, used 312265K [0x00000000e0000000, 0x0000000100000000)
  region size 1024K, 25 young (25600K), 18 survivors (18432K)
 Metaspace       used 173640K, committed 176832K, reserved 512000K
  class space    used 21159K, committed 22464K, reserved 315392K
}
Event: 2089.090 GC heap after
{Heap after GC invocations=112 (full 0):
 garbage-first heap   total 524288K, used 273713K [0x00000000e0000000, 0x0000000100000000)
  region size 1024K, 4 young (4096K), 4 survivors (4096K)
 Metaspace       used 173640K, committed 176832K, reserved 512000K
  class space    used 21159K, committed 22464K, reserved 315392K
}
Event: 2089.543 GC heap before
{Heap before GC invocations=112 (full 0):
 garbage-first heap   total 524288K, used 286001K [0x00000000e0000000, 0x0000000100000000)
  region size 1024K, 17 young (17408K), 4 survivors (4096K)
 Metaspace       used 173724K, committed 176832K, reserved 512000K
  class space    used 21164K, committed 22464K, reserved 315392K
}
Event: 2089.590 GC heap after
{Heap after GC invocations=113 (full 0):
 garbage-first heap   total 524288K, used 275720K [0x00000000e0000000, 0x0000000100000000)
  region size 1024K, 6 young (6144K), 6 survivors (6144K)
 Metaspace       used 173724K, committed 176832K, reserved 512000K
  class space    used 21164K, committed 22464K, reserved 315392K
}
Event: 2095.515 GC heap before
{Heap before GC invocations=114 (full 0):
 garbage-first heap   total 524288K, used 357640K [0x00000000e0000000, 0x0000000100000000)
  region size 1024K, 78 young (79872K), 6 survivors (6144K)
 Metaspace       used 167623K, committed 174080K, reserved 512000K
  class space    used 20214K, committed 22272K, reserved 315392K
}
Event: 2095.556 GC heap after
{Heap after GC invocations=115 (full 0):
 garbage-first heap   total 524288K, used 289451K [0x00000000e0000000, 0x0000000100000000)
  region size 1024K, 10 young (10240K), 10 survivors (10240K)
 Metaspace       used 167623K, committed 174080K, reserved 512000K
  class space    used 20214K, committed 22272K, reserved 315392K
}
Event: 2095.699 GC heap before
{Heap before GC invocations=115 (full 0):
 garbage-first heap   total 524288K, used 304811K [0x00000000e0000000, 0x0000000100000000)
  region size 1024K, 25 young (25600K), 10 survivors (10240K)
 Metaspace       used 167648K, committed 174080K, reserved 512000K
  class space    used 20214K, committed 22272K, reserved 315392K
}
Event: 2095.838 GC heap after
{Heap after GC invocations=116 (full 0):
 garbage-first heap   total 524288K, used 265698K [0x00000000e0000000, 0x0000000100000000)
  region size 1024K, 3 young (3072K), 3 survivors (3072K)
 Metaspace       used 167648K, committed 174080K, reserved 512000K
  class space    used 20214K, committed 22272K, reserved 315392K
}
Event: 2100.923 GC heap before
{Heap before GC invocations=116 (full 0):
 garbage-first heap   total 524288K, used 370146K [0x00000000e0000000, 0x0000000100000000)
  region size 1024K, 106 young (108544K), 3 survivors (3072K)
 Metaspace       used 170142K, committed 174080K, reserved 512000K
  class space    used 20483K, committed 22272K, reserved 315392K
}
Event: 2100.951 GC heap after
{Heap after GC invocations=117 (full 0):
 garbage-first heap   total 524288K, used 269032K [0x00000000e0000000, 0x0000000100000000)
  region size 1024K, 13 young (13312K), 13 survivors (13312K)
 Metaspace       used 170142K, committed 174080K, reserved 512000K
  class space    used 20483K, committed 22272K, reserved 315392K
}

